This is pdfTeX, Version 3.14159265-2.6-1.40.16 (MiKTeX 2.9) (preloaded format=pdflatex 2016.1.21)  19 MAY 2016 02:29
entering extended mode
**./Lab3.tex
(Lab3.tex
LaTeX2e <2015/10/01> patch level 2
Babel <3.9n> and hyphenation patterns for 69 languages loaded.

("C:\Users\Vlas Daniel\AppData\Local\Programs\MiKTeX 2.9\tex\latex\base\article
.cls"
Document Class: article 2014/09/29 v1.4h Standard LaTeX document class

("C:\Users\Vlas Daniel\AppData\Local\Programs\MiKTeX 2.9\tex\latex\base\size12.
clo"
File: size12.clo 2014/09/29 v1.4h Standard LaTeX file (size option)
)
\c@part=\count79
\c@section=\count80
\c@subsection=\count81
\c@subsubsection=\count82
\c@paragraph=\count83
\c@subparagraph=\count84
\c@figure=\count85
\c@table=\count86
\abovecaptionskip=\skip41
\belowcaptionskip=\skip42
\bibindent=\dimen102
)
("C:\Users\Vlas Daniel\AppData\Local\Programs\MiKTeX 2.9\tex\latex\hyperref\hyp
erref.sty"
Package: hyperref 2012/11/06 v6.83m Hypertext links for LaTeX

("C:\Users\Vlas Daniel\AppData\Local\Programs\MiKTeX 2.9\tex\generic\oberdiek\h
obsub-hyperref.sty"
Package: hobsub-hyperref 2012/04/25 v1.12 Bundle oberdiek, subset hyperref (HO)


("C:\Users\Vlas Daniel\AppData\Local\Programs\MiKTeX 2.9\tex\generic\oberdiek\h
obsub-generic.sty"
Package: hobsub-generic 2012/04/25 v1.12 Bundle oberdiek, subset generic (HO)
Package: hobsub 2012/04/25 v1.12 Construct package bundles (HO)
Package: infwarerr 2010/04/08 v1.3 Providing info/warning/error messages (HO)
Package: ltxcmds 2011/11/09 v1.22 LaTeX kernel commands for general use (HO)
Package: ifluatex 2010/03/01 v1.3 Provides the ifluatex switch (HO)
Package ifluatex Info: LuaTeX not detected.
Package: ifvtex 2010/03/01 v1.5 Detect VTeX and its facilities (HO)
Package ifvtex Info: VTeX not detected.
Package: intcalc 2007/09/27 v1.1 Expandable calculations with integers (HO)
Package: ifpdf 2011/01/30 v2.3 Provides the ifpdf switch (HO)
Package ifpdf Info: pdfTeX in PDF mode is detected.
Package: etexcmds 2011/02/16 v1.5 Avoid name clashes with e-TeX commands (HO)
Package etexcmds Info: Could not find \expanded.
(etexcmds)             That can mean that you are not using pdfTeX 1.50 or
(etexcmds)             that some package has redefined \expanded.
(etexcmds)             In the latter case, load this package earlier.
Package: kvsetkeys 2012/04/25 v1.16 Key value parser (HO)
Package: kvdefinekeys 2011/04/07 v1.3 Define keys (HO)
Package: pdftexcmds 2011/11/29 v0.20 Utility functions of pdfTeX for LuaTeX (HO
)
Package pdftexcmds Info: LuaTeX not detected.
Package pdftexcmds Info: \pdf@primitive is available.
Package pdftexcmds Info: \pdf@ifprimitive is available.
Package pdftexcmds Info: \pdfdraftmode found.
Package: pdfescape 2011/11/25 v1.13 Implements pdfTeX's escape features (HO)
Package: bigintcalc 2012/04/08 v1.3 Expandable calculations on big integers (HO
)
Package: bitset 2011/01/30 v1.1 Handle bit-vector datatype (HO)
Package: uniquecounter 2011/01/30 v1.2 Provide unlimited unique counter (HO)
)
Package hobsub Info: Skipping package `hobsub' (already loaded).
Package: letltxmacro 2010/09/02 v1.4 Let assignment for LaTeX macros (HO)
Package: hopatch 2011/06/24 v1.1 Wrapper for package hooks (HO)
Package: xcolor-patch 2011/01/30 xcolor patch
Package: atveryend 2011/06/30 v1.8 Hooks at the very end of document (HO)
Package atveryend Info: \enddocument detected (standard20110627).
Package: atbegshi 2011/10/05 v1.16 At begin shipout hook (HO)
Package: refcount 2011/10/16 v3.4 Data extraction from label references (HO)
Package: hycolor 2011/01/30 v1.7 Color options for hyperref/bookmark (HO)
)
("C:\Users\Vlas Daniel\AppData\Local\Programs\MiKTeX 2.9\tex\latex\graphics\key
val.sty"
Package: keyval 2014/10/28 v1.15 key=value parser (DPC)
\KV@toks@=\toks14
)
("C:\Users\Vlas Daniel\AppData\Local\Programs\MiKTeX 2.9\tex\generic\ifxetex\if
xetex.sty"
Package: ifxetex 2010/09/12 v0.6 Provides ifxetex conditional
)
("C:\Users\Vlas Daniel\AppData\Local\Programs\MiKTeX 2.9\tex\latex\oberdiek\aux
hook.sty"
Package: auxhook 2011/03/04 v1.3 Hooks for auxiliary files (HO)
)
("C:\Users\Vlas Daniel\AppData\Local\Programs\MiKTeX 2.9\tex\latex\oberdiek\kvo
ptions.sty"
Package: kvoptions 2011/06/30 v3.11 Key value format for package options (HO)
)
\@linkdim=\dimen103
\Hy@linkcounter=\count87
\Hy@pagecounter=\count88

("C:\Users\Vlas Daniel\AppData\Local\Programs\MiKTeX 2.9\tex\latex\hyperref\pd1
enc.def"
File: pd1enc.def 2012/11/06 v6.83m Hyperref: PDFDocEncoding definition (HO)
)
\Hy@SavedSpaceFactor=\count89

("C:\Users\Vlas Daniel\AppData\Local\Programs\MiKTeX 2.9\tex\latex\00miktex\hyp
erref.cfg"
File: hyperref.cfg 2002/06/06 v1.2 hyperref configuration of TeXLive
)
Package hyperref Info: Hyper figures OFF on input line 4443.
Package hyperref Info: Link nesting OFF on input line 4448.
Package hyperref Info: Hyper index ON on input line 4451.
Package hyperref Info: Plain pages OFF on input line 4458.
Package hyperref Info: Backreferencing OFF on input line 4463.
Package hyperref Info: Implicit mode ON; LaTeX internals redefined.
Package hyperref Info: Bookmarks ON on input line 4688.
\c@Hy@tempcnt=\count90

("C:\Users\Vlas Daniel\AppData\Local\Programs\MiKTeX 2.9\tex\latex\url\url.sty"
\Urlmuskip=\muskip10
Package: url 2013/09/16  ver 3.4  Verb mode for urls, etc.
)
LaTeX Info: Redefining \url on input line 5041.
\XeTeXLinkMargin=\dimen104
\Fld@menulength=\count91
\Field@Width=\dimen105
\Fld@charsize=\dimen106
Package hyperref Info: Hyper figures OFF on input line 6295.
Package hyperref Info: Link nesting OFF on input line 6300.
Package hyperref Info: Hyper index ON on input line 6303.
Package hyperref Info: backreferencing OFF on input line 6310.
Package hyperref Info: Link coloring OFF on input line 6315.
Package hyperref Info: Link coloring with OCG OFF on input line 6320.
Package hyperref Info: PDF/A mode OFF on input line 6325.
LaTeX Info: Redefining \ref on input line 6365.
LaTeX Info: Redefining \pageref on input line 6369.
\Hy@abspage=\count92
\c@Item=\count93
\c@Hfootnote=\count94
)

Package hyperref Message: Driver (autodetected): hpdftex.


("C:\Users\Vlas Daniel\AppData\Local\Programs\MiKTeX 2.9\tex\latex\hyperref\hpd
ftex.def"
File: hpdftex.def 2012/11/06 v6.83m Hyperref driver for pdfTeX
\Fld@listcount=\count95
\c@bookmark@seq@number=\count96

("C:\Users\Vlas Daniel\AppData\Local\Programs\MiKTeX 2.9\tex\latex\oberdiek\rer
unfilecheck.sty"
Package: rerunfilecheck 2011/04/15 v1.7 Rerun checks for auxiliary files (HO)
Package uniquecounter Info: New unique counter `rerunfilecheck' on input line 2
82.
)
\Hy@SectionHShift=\skip43
)
("C:\Users\Vlas Daniel\AppData\Local\Programs\MiKTeX 2.9\tex\latex\fancyhdr\fan
cyhdr.sty"
\fancy@headwidth=\skip44
\f@ncyO@elh=\skip45
\f@ncyO@erh=\skip46
\f@ncyO@olh=\skip47
\f@ncyO@orh=\skip48
\f@ncyO@elf=\skip49
\f@ncyO@erf=\skip50
\f@ncyO@olf=\skip51
\f@ncyO@orf=\skip52
)
("C:\Users\Vlas Daniel\AppData\Local\Programs\MiKTeX 2.9\tex\latex\lastpage\las
tpage.sty"
Package: lastpage 2015/03/29 v1.2m Refers to last page's name (HMM; JPG)
)
("C:\Users\Vlas Daniel\AppData\Local\Programs\MiKTeX 2.9\tex\latex\graphics\col
or.sty"
Package: color 2014/10/28 v1.1a Standard LaTeX Color (DPC)

("C:\Users\Vlas Daniel\AppData\Local\Programs\MiKTeX 2.9\tex\latex\00miktex\col
or.cfg"
File: color.cfg 2007/01/18 v1.5 color configuration of teTeX/TeXLive
)
Package color Info: Driver file: pdftex.def on input line 142.

("C:\Users\Vlas Daniel\AppData\Local\Programs\MiKTeX 2.9\tex\latex\pdftex-def\p
dftex.def"
File: pdftex.def 2011/05/27 v0.06d Graphics/color for pdfTeX
\Gread@gobject=\count97
)
("C:\Users\Vlas Daniel\AppData\Local\Programs\MiKTeX 2.9\tex\latex\graphics\dvi
psnam.def"
File: dvipsnam.def 2014/10/14 v3.0j Driver-dependent file (DPC,SPQR)
))
("C:\Users\Vlas Daniel\AppData\Local\Programs\MiKTeX 2.9\tex\latex\graphics\gra
phicx.sty"
Package: graphicx 2014/10/28 v1.0g Enhanced LaTeX Graphics (DPC,SPQR)

("C:\Users\Vlas Daniel\AppData\Local\Programs\MiKTeX 2.9\tex\latex\graphics\gra
phics.sty"
Package: graphics 2014/10/28 v1.0p Standard LaTeX Graphics (DPC,SPQR)

("C:\Users\Vlas Daniel\AppData\Local\Programs\MiKTeX 2.9\tex\latex\graphics\tri
g.sty"
Package: trig 1999/03/16 v1.09 sin cos tan (DPC)
)
("C:\Users\Vlas Daniel\AppData\Local\Programs\MiKTeX 2.9\tex\latex\00miktex\gra
phics.cfg"
File: graphics.cfg 2007/01/18 v1.5 graphics configuration of teTeX/TeXLive
)
Package graphics Info: Driver file: pdftex.def on input line 94.
)
\Gin@req@height=\dimen107
\Gin@req@width=\dimen108
)
("C:\Users\Vlas Daniel\AppData\Local\Programs\MiKTeX 2.9\tex\latex\listings\lis
tings.sty"
\lst@mode=\count98
\lst@gtempboxa=\box26
\lst@token=\toks15
\lst@length=\count99
\lst@currlwidth=\dimen109
\lst@column=\count100
\lst@pos=\count101
\lst@lostspace=\dimen110
\lst@width=\dimen111
\lst@newlines=\count102
\lst@lineno=\count103
\lst@maxwidth=\dimen112

("C:\Users\Vlas Daniel\AppData\Local\Programs\MiKTeX 2.9\tex\latex\listings\lst
misc.sty"
File: lstmisc.sty 2015/06/04 1.6 (Carsten Heinz)
\c@lstnumber=\count104
\lst@skipnumbers=\count105
\lst@framebox=\box27
)
("C:\Users\Vlas Daniel\AppData\Local\Programs\MiKTeX 2.9\tex\latex\listings\lis
tings.cfg"
File: listings.cfg 2015/06/04 1.6 listings configuration
))
Package: listings 2015/06/04 1.6 (Carsten Heinz)

("C:\Users\Vlas Daniel\AppData\Local\Programs\MiKTeX 2.9\tex\latex\psnfss\couri
er.sty"
Package: courier 2005/04/12 PSNFSS-v9.2a (WaS) 
)
("C:\Users\Vlas Daniel\AppData\Local\Programs\MiKTeX 2.9\tex\latex\lipsum\lipsu
m.sty"
Package: lipsum 2014/07/27 v1.3 150 paragraphs of Lorem Ipsum dummy text
\c@lips@count=\count106
)
("C:\Users\Vlas Daniel\AppData\Local\Programs\MiKTeX 2.9\tex\latex\wrapfig\wrap
fig.sty"
\wrapoverhang=\dimen113
\WF@size=\dimen114
\c@WF@wrappedlines=\count107
\WF@box=\box28
\WF@everypar=\toks16
Package: wrapfig 2003/01/31  v 3.6
)
("C:\Users\Vlas Daniel\AppData\Local\Programs\MiKTeX 2.9\tex\latex\graphics\lsc
ape.sty"
Package: lscape 2000/10/22 v3.01 Landscape Pages (DPC)
)
("C:\Users\Vlas Daniel\AppData\Local\Programs\MiKTeX 2.9\tex\latex\pbox\pbox.st
y"
Package: pbox 2011/12/07 v1.2 Dynamic parboxes

("C:\Users\Vlas Daniel\AppData\Local\Programs\MiKTeX 2.9\tex\latex\tools\calc.s
ty"
Package: calc 2014/10/28 v4.3 Infix arithmetic (KKT,FJ)
\calc@Acount=\count108
\calc@Bcount=\count109
\calc@Adimen=\dimen115
\calc@Bdimen=\dimen116
\calc@Askip=\skip53
\calc@Bskip=\skip54
LaTeX Info: Redefining \setlength on input line 80.
LaTeX Info: Redefining \addtolength on input line 81.
\calc@Ccount=\count110
\calc@Cskip=\skip55
)
("C:\Users\Vlas Daniel\AppData\Local\Programs\MiKTeX 2.9\tex\latex\base\ifthen.
sty"
Package: ifthen 2014/09/29 v1.1c Standard LaTeX ifthen package (DPC)
)
\pb@xlen=\skip56
)
("C:\Users\Vlas Daniel\AppData\Local\Programs\MiKTeX 2.9\tex\latex\listings\lst
lang1.sty"
File: lstlang1.sty 2015/06/04 1.6 listings language file
)
("C:\Users\Vlas Daniel\AppData\Local\Programs\MiKTeX 2.9\tex\latex\listings\lst
lang2.sty"
File: lstlang2.sty 2015/06/04 1.6 listings language file
) (Lab3.aux)
\openout1 = `Lab3.aux'.

LaTeX Font Info:    Checking defaults for OML/cmm/m/it on input line 72.
LaTeX Font Info:    ... okay on input line 72.
LaTeX Font Info:    Checking defaults for T1/cmr/m/n on input line 72.
LaTeX Font Info:    ... okay on input line 72.
LaTeX Font Info:    Checking defaults for OT1/cmr/m/n on input line 72.
LaTeX Font Info:    ... okay on input line 72.
LaTeX Font Info:    Checking defaults for OMS/cmsy/m/n on input line 72.
LaTeX Font Info:    ... okay on input line 72.
LaTeX Font Info:    Checking defaults for OMX/cmex/m/n on input line 72.
LaTeX Font Info:    ... okay on input line 72.
LaTeX Font Info:    Checking defaults for U/cmr/m/n on input line 72.
LaTeX Font Info:    ... okay on input line 72.
LaTeX Font Info:    Checking defaults for PD1/pdf/m/n on input line 72.
LaTeX Font Info:    ... okay on input line 72.
\AtBeginShipoutBox=\box29
Package hyperref Info: Link coloring OFF on input line 72.

("C:\Users\Vlas Daniel\AppData\Local\Programs\MiKTeX 2.9\tex\latex\hyperref\nam
eref.sty"
Package: nameref 2012/10/27 v2.43 Cross-referencing by name of section

("C:\Users\Vlas Daniel\AppData\Local\Programs\MiKTeX 2.9\tex\generic\oberdiek\g
ettitlestring.sty"
Package: gettitlestring 2010/12/03 v1.4 Cleanup title references (HO)
)
\c@section@level=\count111
)
LaTeX Info: Redefining \ref on input line 72.
LaTeX Info: Redefining \pageref on input line 72.
LaTeX Info: Redefining \nameref on input line 72.
 (Lab3.out) (Lab3.out)
\@outlinefile=\write3
\openout3 = `Lab3.out'.

Package lastpage Info: Please have a look at the pageslts package at
(lastpage)             https://www.ctan.org/pkg/pageslts
(lastpage)             ! on input line 72.

("C:\Users\Vlas Daniel\AppData\Local\Programs\MiKTeX 2.9\tex\context\base\supp-
pdf.mkii"
[Loading MPS to PDF converter (version 2006.09.02).]
\scratchcounter=\count112
\scratchdimen=\dimen117
\scratchbox=\box30
\nofMPsegments=\count113
\nofMParguments=\count114
\everyMPshowfont=\toks17
\MPscratchCnt=\count115
\MPscratchDim=\dimen118
\MPnumerator=\count116
\makeMPintoPDFobject=\count117
\everyMPtoPDFconversion=\toks18
)
\c@lstlisting=\count118
LaTeX Font Info:    External font `cmex10' loaded for size
(Font)              <12> on input line 109.
LaTeX Font Info:    External font `cmex10' loaded for size
(Font)              <8> on input line 109.
LaTeX Font Info:    External font `cmex10' loaded for size
(Font)              <6> on input line 109.
 [1

{C:/Users/Vlas Daniel/AppData/Local/MiKTeX/2.9/pdftex/config/pdftex.map}]
<Screen1.jpg, id=36, 674.52pt x 510.40688pt>
File: Screen1.jpg Graphic file (type jpg)
 <use Screen1.jpg>
Package pdftex.def Info: Screen1.jpg used on input line 185.
(pdftex.def)             Requested size: 455.2979pt x 344.52534pt.
pdfTeX warning (ext4): destination with the same identifier (name{page.1}) has 
been already used, duplicate ignored
<to be read again> 
                   \relax 
l.190     \begin{minipage}[b]{1.0\linewidth}
                                             [1]
<Screen2.jpg, id=41, 674.52pt x 510.40688pt>
File: Screen2.jpg Graphic file (type jpg)
 <use Screen2.jpg>
Package pdftex.def Info: Screen2.jpg used on input line 192.
(pdftex.def)             Requested size: 455.2979pt x 344.52534pt.

<Screen3.jpg, id=42, 674.52pt x 510.40688pt>
File: Screen3.jpg Graphic file (type jpg)
 <use Screen3.jpg>
Package pdftex.def Info: Screen3.jpg used on input line 198.
(pdftex.def)             Requested size: 455.2979pt x 344.52534pt.
 [2 <./Screen1.jpg>] [3 <./Screen2.jpg>] 
AED: lastpage setting LastPage
[4 <./Screen3.jpg>]
Package atveryend Info: Empty hook `BeforeClearDocument' on input line 209.
Package atveryend Info: Empty hook `AfterLastShipout' on input line 209.
 (Lab3.aux)
Package atveryend Info: Executing hook `AtVeryEndDocument' on input line 209.
Package atveryend Info: Executing hook `AtEndAfterFileList' on input line 209.
Package rerunfilecheck Info: File `Lab3.out' has not changed.
(rerunfilecheck)             Checksum: A99EEDC120E6E2CFED3BC58CF7A6865E;315.
Package atveryend Info: Empty hook `AtVeryVeryEnd' on input line 209.
 ) 
Here is how much of TeX's memory you used:
 7058 strings out of 493634
 105734 string characters out of 3132789
 316280 words of memory out of 3000000
 10368 multiletter control sequences out of 15000+200000
 9750 words of font info for 34 fonts, out of 3000000 for 9000
 1025 hyphenation exceptions out of 8191
 29i,6n,43p,639b,404s stack positions out of 5000i,500n,10000p,200000b,50000s
<C:/Users/Vlas Daniel/AppData/Local/Programs/MiKTeX 2.9/fonts/type1/public/am
sfonts/cm/cmbx12.pfb><C:/Users/Vlas Daniel/AppData/Local/Programs/MiKTeX 2.9/fo
nts/type1/public/amsfonts/cm/cmcsc10.pfb><C:/Users/Vlas Daniel/AppData/Local/Pr
ograms/MiKTeX 2.9/fonts/type1/public/amsfonts/cm/cmr12.pfb><C:/Users/Vlas Danie
l/AppData/Local/Programs/MiKTeX 2.9/fonts/type1/public/amsfonts/cm/cmsy10.pfb><
C:/Users/Vlas Daniel/AppData/Local/Programs/MiKTeX 2.9/fonts/type1/public/amsfo
nts/cm/cmti12.pfb>
Output written on Lab3.pdf (5 pages, 292014 bytes).
PDF statistics:
 76 PDF objects out of 1000 (max. 8388607)
 11 named destinations out of 1000 (max. 500000)
 64 words of extra memory for PDF output out of 10000 (max. 10000000)

